<?xml version="1.0" encoding="UTF-8"?>
<testsuite xmlns:xsi="http://www.w3.org/2001/XMLSchema-instance" xsi:noNamespaceSchemaLocation="https://maven.apache.org/surefire/maven-surefire-plugin/xsd/surefire-test-report-3.0.xsd" version="3.0" name="com.festival.ms_tickets.controller.TicketControllerTest" time="5.379" tests="24" errors="0" skipped="0" failures="0">
  <properties>
[...]
</properties>
  <testcase name="obtenerPorUsuario_debeRetornarListaVacia_cuandoUsuarioSinTickets" classname="com.festival.ms_tickets.controller.TicketControllerTest" time="0.32">
    <system-out><![CDATA[18:21:03.270 [main] INFO org.springframework.test.context.support.AnnotationConfigContextLoaderUtils -- Could not detect default configuration classes for test class [com.festival.ms_tickets.controller.TicketControllerTest]: TicketControllerTest does not declare any static, non-private, non-final, nested classes annotated with @Configuration.
18:21:03.410 [main] INFO org.springframework.boot.test.context.SpringBootTestContextBootstrapper -- Found @SpringBootConfiguration com.festival.ms_tickets.MsTicketsApplication for test class com.festival.ms_tickets.controller.TicketControllerTest

  .   ____          _            __ _ _
 /\\ / ___'_ __ _ _(_)_ __  __ _ \ \ \ \
( ( )\___ | '_ | '_| | '_ \/ _` | \ \ \ \
 \\/  ___)| |_)| | | | | || (_| |  ) ) ) )
  '  |____| .__|_| |_|_| |_\__, | / / / /
 =========|_|==============|___/=/_/_/_/

 :: Spring Boot ::               (v3.3.11)

2026-06-23T18:21:03.886-04:00  INFO 31540 --- [ms-tickets] [           main] c.f.m.controller.TicketControllerTest    : Starting TicketControllerTest using Java 21.0.10 with PID 31540 (started by k-ort in C:\Users\k-ort\OneDrive\Desktop\ProyectoFestival\festival-microservicios-ms-tickets1.1\ms-tickets)
2026-06-23T18:21:03.888-04:00  INFO 31540 --- [ms-tickets] [           main] c.f.m.controller.TicketControllerTest    : No active profile set, falling back to 1 default profile: "default"
2026-06-23T18:21:07.440-04:00  WARN 31540 --- [ms-tickets] [           main] .s.s.UserDetailsServiceAutoConfiguration : 

Using generated security password: 7193be02-3187-4ad0-ba0e-be7e850905e5

This generated password is for development use only. Your security configuration must be updated before running your application in production.

2026-06-23T18:21:07.504-04:00  INFO 31540 --- [ms-tickets] [           main] r$InitializeUserDetailsManagerConfigurer : Global AuthenticationManager configured with UserDetailsService bean with name inMemoryUserDetailsManager
2026-06-23T18:21:07.769-04:00  INFO 31540 --- [ms-tickets] [           main] o.s.b.t.m.w.SpringBootMockServletContext : Initializing Spring TestDispatcherServlet ''
2026-06-23T18:21:07.769-04:00  INFO 31540 --- [ms-tickets] [           main] o.s.t.web.servlet.TestDispatcherServlet  : Initializing Servlet ''
2026-06-23T18:21:07.770-04:00  INFO 31540 --- [ms-tickets] [           main] o.s.t.web.servlet.TestDispatcherServlet  : Completed initialization in 1 ms
2026-06-23T18:21:07.817-04:00  INFO 31540 --- [ms-tickets] [           main] c.f.m.controller.TicketControllerTest    : Started TicketControllerTest in 4.323 seconds (process running for 5.251)
]]></system-out>
    <system-err><![CDATA[WARNING: A Java agent has been loaded dynamically (C:\Users\k-ort\.m2\repository\net\bytebuddy\byte-buddy-agent\1.14.19\byte-buddy-agent-1.14.19.jar)
WARNING: If a serviceability tool is in use, please run with -XX:+EnableDynamicAgentLoading to hide this warning
WARNING: If a serviceability tool is not in use, please run with -Djdk.instrument.traceUsage for more information
WARNING: Dynamic loading of agents will be disallowed by default in a future release
]]></system-err>
  </testcase>
  <testcase name="obtenerPorEvento_debeRetornarListaVacia_cuandoEventoSinTickets" classname="com.festival.ms_tickets.controller.TicketControllerTest" time="0.006"/>
  <testcase name="obtenerTicket_debeRetornar404_cuandoTicketNoExiste" classname="com.festival.ms_tickets.controller.TicketControllerTest" time="0.01"/>
  <testcase name="validarEntrada_debeRetornarError_cuandoQrYaUsado" classname="com.festival.ms_tickets.controller.TicketControllerTest" time="0.012"/>
  <testcase name="cancelarTicket_debeRetornar200_cuandoCancelacionExitosa" classname="com.festival.ms_tickets.controller.TicketControllerTest" time="0.048"/>
  <testcase name="validarEntrada_debeRetornar404_cuandoTicketCancelado" classname="com.festival.ms_tickets.controller.TicketControllerTest" time="0.006"/>
  <testcase name="obtenerPorUsuario_debeRetornarListaDeTickets" classname="com.festival.ms_tickets.controller.TicketControllerTest" time="0.008"/>
  <testcase name="validarEntrada_debeRetornar404_cuandoQrNoExiste" classname="com.festival.ms_tickets.controller.TicketControllerTest" time="0.007"/>
  <testcase name="cancelarTicket_debeRetornar404_cuandoTicketNoExiste" classname="com.festival.ms_tickets.controller.TicketControllerTest" time="0.005"/>
  <testcase name="obtenerPorUsuario_debeRetornarTicketsDistintosTipos" classname="com.festival.ms_tickets.controller.TicketControllerTest" time="0.006"/>
  <testcase name="obtenerPorEvento_debeRetornarTicketsConEventoIdCorrecto" classname="com.festival.ms_tickets.controller.TicketControllerTest" time="0.006"/>
  <testcase name="obtenerPorEvento_debeVerificarLlamadaAlServicio" classname="com.festival.ms_tickets.controller.TicketControllerTest" time="0.004"/>
  <testcase name="comprarTicket_debeRetornarError_cuandoTicketDuplicado" classname="com.festival.ms_tickets.controller.TicketControllerTest" time="0.112"/>
  <testcase name="obtenerPorEvento_debeRetornarListaDeTickets" classname="com.festival.ms_tickets.controller.TicketControllerTest" time="0.006"/>
  <testcase name="obtenerTicket_debeRetornarTicketConEstadoUsado" classname="com.festival.ms_tickets.controller.TicketControllerTest" time="0.005"/>
  <testcase name="validarEntrada_debeRetornar200_cuandoValidacionExitosa" classname="com.festival.ms_tickets.controller.TicketControllerTest" time="0.006"/>
  <testcase name="cancelarTicket_debeVerificarLlamadaAlServicio" classname="com.festival.ms_tickets.controller.TicketControllerTest" time="0.006"/>
  <testcase name="obtenerTicket_debeRetornarTicketConCodigoQr" classname="com.festival.ms_tickets.controller.TicketControllerTest" time="0.006"/>
  <testcase name="obtenerPorUsuario_debeVerificarLlamadaAlServicio" classname="com.festival.ms_tickets.controller.TicketControllerTest" time="0.005"/>
  <testcase name="cancelarTicket_debeRetornarError_cuandoTicketYaUsado" classname="com.festival.ms_tickets.controller.TicketControllerTest" time="0.006"/>
  <testcase name="comprarTicket_debeRetornarError_cuandoAforoAgotado" classname="com.festival.ms_tickets.controller.TicketControllerTest" time="0.006"/>
  <testcase name="comprarTicket_debeRetornarError_cuandoEventoNoPuplicado" classname="com.festival.ms_tickets.controller.TicketControllerTest" time="0.006"/>
  <testcase name="obtenerTicket_debeRetornar200_cuandoTicketExiste" classname="com.festival.ms_tickets.controller.TicketControllerTest" time="0.007"/>
  <testcase name="comprarTicket_debeRetornar201_cuandoCompraExitosa" classname="com.festival.ms_tickets.controller.TicketControllerTest" time="0.005"/>
</testsuite>